This is pdfTeX, Version 3.14159265-2.6-1.40.15 (TeX Live 2015/dev/Debian) (preloaded format=pdflatex 2015.7.9)  21 MAR 2016 16:05
entering extended mode
 \write18 enabled.
 %&-line parsing enabled.
**CHEP2016_ROOT_Pandas.tex
(./CHEP2016_ROOT_Pandas.tex
LaTeX2e <2014/05/01>
Babel <3.9l> and hyphenation patterns for 2 languages loaded.
(./jpconf.cls
Document Class: jpconf 2007/03/07 v1.1 LaTeX class for Journal of Physics: Conf
erence Series
(./jpconf11.clo
File: jpconf11.clo 2005/05/04 v1.0 LaTeX2e file (size option)
)
\indentedwidth=\skip41
\mathindent=\dimen102
\c@oldftnote=\count79
\c@section=\count80
\c@subsection=\count81
\c@subsubsection=\count82
\c@paragraph=\count83
\c@subparagraph=\count84
\c@figure=\count85
\c@table=\count86
\abovecaptionskip=\skip42
\belowcaptionskip=\skip43
\bibindent=\dimen103
\c@eqnval=\count87
)
(/usr/share/texlive/texmf-dist/tex/latex/graphics/graphicx.sty
Package: graphicx 2014/04/25 v1.0g Enhanced LaTeX Graphics (DPC,SPQR)

(/usr/share/texlive/texmf-dist/tex/latex/graphics/keyval.sty
Package: keyval 2014/05/08 v1.15 key=value parser (DPC)
\KV@toks@=\toks14
)
(/usr/share/texlive/texmf-dist/tex/latex/graphics/graphics.sty
Package: graphics 2009/02/05 v1.0o Standard LaTeX Graphics (DPC,SPQR)

(/usr/share/texlive/texmf-dist/tex/latex/graphics/trig.sty
Package: trig 1999/03/16 v1.09 sin cos tan (DPC)
)
(/usr/share/texlive/texmf-dist/tex/latex/latexconfig/graphics.cfg
File: graphics.cfg 2010/04/23 v1.9 graphics configuration of TeX Live
)
Package graphics Info: Driver file: pdftex.def on input line 91.

(/usr/share/texlive/texmf-dist/tex/latex/pdftex-def/pdftex.def
File: pdftex.def 2011/05/27 v0.06d Graphics/color for pdfTeX

(/usr/share/texlive/texmf-dist/tex/generic/oberdiek/infwarerr.sty
Package: infwarerr 2010/04/08 v1.3 Providing info/warning/error messages (HO)
)
(/usr/share/texlive/texmf-dist/tex/generic/oberdiek/ltxcmds.sty
Package: ltxcmds 2011/11/09 v1.22 LaTeX kernel commands for general use (HO)
)
\Gread@gobject=\count88
))
\Gin@req@height=\dimen104
\Gin@req@width=\dimen105
)
(/usr/share/texlive/texmf-dist/tex/latex/lipsum/lipsum.sty
Package: lipsum 2014/07/27 v1.3 150 paragraphs of Lorem Ipsum dummy text
\c@lips@count=\count89
)
(/usr/share/texlive/texmf-dist/tex/latex/minted/minted.sty
Package: minted 2011/09/17 v1.7 Yet another Pygments shim for LaTeX

(/usr/share/texlive/texmf-dist/tex/latex/fancyvrb/fancyvrb.sty
Package: fancyvrb 2008/02/07

Style option: `fancyvrb' v2.7a, with DG/SPQR fixes, and firstline=lastline fix 
<2008/02/07> (tvz)
\FV@CodeLineNo=\count90
\FV@InFile=\read1
\FV@TabBox=\box26
\c@FancyVerbLine=\count91
\FV@StepNumber=\count92
\FV@OutFile=\write3
) (/usr/share/texlive/texmf-dist/tex/latex/xcolor/xcolor.sty
Package: xcolor 2007/01/21 v2.11 LaTeX color extensions (UK)

(/usr/share/texlive/texmf-dist/tex/latex/latexconfig/color.cfg
File: color.cfg 2007/01/18 v1.5 color configuration of teTeX/TeXLive
)
Package xcolor Info: Driver file: pdftex.def on input line 225.
Package xcolor Info: Model `cmy' substituted by `cmy0' on input line 1337.
Package xcolor Info: Model `hsb' substituted by `rgb' on input line 1341.
Package xcolor Info: Model `RGB' extended on input line 1353.
Package xcolor Info: Model `HTML' substituted by `rgb' on input line 1355.
Package xcolor Info: Model `Hsb' substituted by `hsb' on input line 1356.
Package xcolor Info: Model `tHsb' substituted by `hsb' on input line 1357.
Package xcolor Info: Model `HSB' substituted by `hsb' on input line 1358.
Package xcolor Info: Model `Gray' substituted by `gray' on input line 1359.
Package xcolor Info: Model `wave' substituted by `hsb' on input line 1360.
)
(/usr/share/texlive/texmf-dist/tex/latex/float/float.sty
Package: float 2001/11/08 v1.3d Float enhancements (AL)
\c@float@type=\count93
\float@exts=\toks15
\float@box=\box27
\@float@everytoks=\toks16
\@floatcapt=\box28
)
(/usr/share/texlive/texmf-dist/tex/latex/base/ifthen.sty
Package: ifthen 2014/09/29 v1.1c Standard LaTeX ifthen package (DPC)
)
(/usr/share/texlive/texmf-dist/tex/latex/tools/calc.sty
Package: calc 2014/10/28 v4.3 Infix arithmetic (KKT,FJ)
\calc@Acount=\count94
\calc@Bcount=\count95
\calc@Adimen=\dimen106
\calc@Bdimen=\dimen107
\calc@Askip=\skip44
\calc@Bskip=\skip45
LaTeX Info: Redefining \setlength on input line 75.
LaTeX Info: Redefining \addtolength on input line 76.
\calc@Ccount=\count96
\calc@Cskip=\skip46
)
(/usr/share/texlive/texmf-dist/tex/latex/ifplatform/ifplatform.sty
Package: ifplatform 2010/10/22 v0.4 Testing for the operating system

(/usr/share/texlive/texmf-dist/tex/generic/oberdiek/pdftexcmds.sty
Package: pdftexcmds 2011/11/29 v0.20 Utility functions of pdfTeX for LuaTeX (HO
)

(/usr/share/texlive/texmf-dist/tex/generic/oberdiek/ifluatex.sty
Package: ifluatex 2010/03/01 v1.3 Provides the ifluatex switch (HO)
Package ifluatex Info: LuaTeX not detected.
)
(/usr/share/texlive/texmf-dist/tex/generic/oberdiek/ifpdf.sty
Package: ifpdf 2011/01/30 v2.3 Provides the ifpdf switch (HO)
Package ifpdf Info: pdfTeX in PDF mode is detected.
)
Package pdftexcmds Info: LuaTeX not detected.
Package pdftexcmds Info: \pdf@primitive is available.
Package pdftexcmds Info: \pdf@ifprimitive is available.
Package pdftexcmds Info: \pdfdraftmode found.
)
(/usr/share/texlive/texmf-dist/tex/generic/oberdiek/catchfile.sty
Package: catchfile 2011/03/01 v1.6 Catch the contents of a file (HO)

(/usr/share/texlive/texmf-dist/tex/generic/oberdiek/etexcmds.sty
Package: etexcmds 2011/02/16 v1.5 Avoid name clashes with e-TeX commands (HO)
Package etexcmds Info: Could not find \expanded.
(etexcmds)             That can mean that you are not using pdfTeX 1.50 or
(etexcmds)             that some package has redefined \expanded.
(etexcmds)             In the latter case, load this package earlier.
))
runsystem(uname -s > "CHEP2016_ROOT_Pandas.w18")...executed.


(./CHEP2016_ROOT_Pandas.w18)
runsystem(rm -- "CHEP2016_ROOT_Pandas.w18")...executed.

)
\minted@bgbox=\box29
\minted@code=\write4
\@float@every@listing=\toks17
\c@listing=\count97
)
runsystem(which pygmentize && touch CHEP2016_ROOT_Pandas.aex)...executed.

runsystem(rm CHEP2016_ROOT_Pandas.aex)...executed.


(/usr/share/texlive/texmf-dist/tex/latex/sauerj/parcolumns.sty
Package: parcolumns 2004/11/25 v1.2 Typeset multiple parallel columns

(/usr/share/texlive/texmf-dist/tex/latex/sauerj/processkv.sty
Package: processkv 2004/08/09 v1.0.1 process key=value lists
)
\pc@columnctr=\count98
\pc@columncount=\count99
\pc@everypar=\toks18
)
(/usr/share/texlive/texmf-dist/tex/latex/caption/caption.sty
Package: caption 2013/05/02 v3.3-89 Customizing captions (AR)

(/usr/share/texlive/texmf-dist/tex/latex/caption/caption3.sty
Package: caption3 2013/05/02 v1.6-88 caption3 kernel (AR)
Package caption3 Info: TeX engine: e-TeX on input line 57.
\captionmargin=\dimen108
\captionmargin@=\dimen109
\captionwidth=\dimen110
\caption@tempdima=\dimen111
\caption@indent=\dimen112
\caption@parindent=\dimen113
\caption@hangindent=\dimen114
Package caption Info: Unknown document class (or package),
(caption)             standard defaults will be used.
)

Package caption Warning: Unsupported document class (or package) detected,
(caption)                usage of the caption package is not recommended.
See the caption package documentation for explanation.

Package caption Info: \@makecaption = \long macro:#1#2->\vskip \abovecaptionski
p \sbox \@tempboxa {{\bf #1.} #2}\ifdim \wd \@tempboxa >\hsize {\bf #1.} #2\par
 \else \global \@minipagefalse \hb@xt@ \hsize {\hfil \box \@tempboxa \hfil }\fi
 \vskip \belowcaptionskip .
\c@ContinuedFloat=\count100
Package caption Info: float package is loaded.
) (./CHEP2016_ROOT_Pandas.aux)
\openout1 = `CHEP2016_ROOT_Pandas.aux'.

LaTeX Font Info:    Checking defaults for OML/cmm/m/it on input line 9.
LaTeX Font Info:    ... okay on input line 9.
LaTeX Font Info:    Checking defaults for T1/cmr/m/n on input line 9.
LaTeX Font Info:    ... okay on input line 9.
LaTeX Font Info:    Checking defaults for OT1/cmr/m/n on input line 9.
LaTeX Font Info:    ... okay on input line 9.
LaTeX Font Info:    Checking defaults for OMS/cmsy/m/n on input line 9.
LaTeX Font Info:    ... okay on input line 9.
LaTeX Font Info:    Checking defaults for OMX/cmex/m/n on input line 9.
LaTeX Font Info:    ... okay on input line 9.
LaTeX Font Info:    Checking defaults for U/cmr/m/n on input line 9.
LaTeX Font Info:    ... okay on input line 9.

(/usr/share/texlive/texmf-dist/tex/context/base/supp-pdf.mkii
[Loading MPS to PDF converter (version 2006.09.02).]
\scratchcounter=\count101
\scratchdimen=\dimen115
\scratchbox=\box30
\nofMPsegments=\count102
\nofMParguments=\count103
\everyMPshowfont=\toks19
\MPscratchCnt=\count104
\MPscratchDim=\dimen116
\MPnumerator=\count105
\makeMPintoPDFobject=\count106
\everyMPtoPDFconversion=\toks20
) (/usr/share/texlive/texmf-dist/tex/latex/oberdiek/epstopdf-base.sty
Package: epstopdf-base 2010/02/09 v2.5 Base part for package epstopdf

(/usr/share/texlive/texmf-dist/tex/latex/oberdiek/grfext.sty
Package: grfext 2010/08/19 v1.1 Manage graphics extensions (HO)

(/usr/share/texlive/texmf-dist/tex/generic/oberdiek/kvdefinekeys.sty
Package: kvdefinekeys 2011/04/07 v1.3 Define keys (HO)
))
(/usr/share/texlive/texmf-dist/tex/latex/oberdiek/kvoptions.sty
Package: kvoptions 2011/06/30 v3.11 Key value format for package options (HO)

(/usr/share/texlive/texmf-dist/tex/generic/oberdiek/kvsetkeys.sty
Package: kvsetkeys 2012/04/25 v1.16 Key value parser (HO)
))
Package grfext Info: Graphics extension search list:
(grfext)             [.png,.pdf,.jpg,.mps,.jpeg,.jbig2,.jb2,.PNG,.PDF,.JPG,.JPE
G,.JBIG2,.JB2,.eps]
(grfext)             \AppendGraphicsExtensions on input line 452.

(/usr/share/texlive/texmf-dist/tex/latex/latexconfig/epstopdf-sys.cfg
File: epstopdf-sys.cfg 2010/07/13 v1.3 Configuration of (r)epstopdf for TeX Liv
e
))
runsystem(pygmentize -S default -f latex > CHEP2016_ROOT_Pandas.pyg)...executed
.


(./CHEP2016_ROOT_Pandas.pyg)
Package caption Info: Begin \AtBeginDocument code.
Package caption Info: Incompatible package detected (regarding \@caption).
(caption)             \@caption = \long macro:#1[#2]#3->\par \begingroup \@parb
oxrestore \normalsize \@makecaption {\csname fnum@#1\endcsname }{\ignorespaces 
#3}\par \endgroup .


Package caption Warning: Forced redefinition of \caption since the
(caption)                unsupported(!) package option `compatibility=false'
(caption)                was given.
See the caption package documentation for explanation.

Package caption Info: End \AtBeginDocument code.

LaTeX Font Warning: Font shape `OT1/cmr/m/n' in size <18.06749> not available
(Font)              size <17.28> substituted on input line 11.


LaTeX Font Warning: Font shape `OT1/cmr/bx/n' in size <18.06749> not available
(Font)              size <17.28> substituted on input line 11.


LaTeX Font Warning: Font shape `OT1/cmr/bx/it' in size <18.06749> not available

(Font)              size <17.28> substituted on input line 11.

LaTeX Font Info:    External font `cmex10' loaded for size
(Font)              <10.95> on input line 13.
LaTeX Font Info:    External font `cmex10' loaded for size
(Font)              <8> on input line 13.
LaTeX Font Info:    External font `cmex10' loaded for size
(Font)              <6> on input line 13.
LaTeX Font Info:    External font `cmex10' loaded for size
(Font)              <9> on input line 15.
LaTeX Font Info:    External font `cmex10' loaded for size
(Font)              <5> on input line 15.
[1

{/var/lib/texmf/fonts/map/pdftex/updmap/pdftex.map}]
<./graphics/XENON1T_flow1.png, id=17, 688.7331pt x 313.29045pt>
File: ./graphics/XENON1T_flow1.png Graphic file (type png)

<use ./graphics/XENON1T_flow1.png>
Package pdftex.def Info: ./graphics/XENON1T_flow1.png used on input line 71.
(pdftex.def)             Requested size: 364.19664pt x 165.66548pt.
 [2 <./graphics/XENON1T_flow1.png>]
<./graphics/paxer.png, id=24, 1360.08125pt x 922.44624pt>
File: ./graphics/paxer.png Graphic file (type png)

<use ./graphics/paxer.png>
Package pdftex.def Info: ./graphics/paxer.png used on input line 98.
(pdftex.def)             Requested size: 409.71689pt x 277.87611pt.
 [3 <./graphics/paxer.png>]
<./graphics/eccosystems1.png, id=29, 1249.5483pt x 903.73634pt>
File: ./graphics/eccosystems1.png Graphic file (type png)

<use ./graphics/eccosystems1.png>
Package pdftex.def Info: ./graphics/eccosystems1.png used on input line 143.
(pdftex.def)             Requested size: 295.90587pt x 214.00526pt.
 [4 <./graphics/eccosystems1.png>]
<./graphics/layers.png, id=35, 712.33458pt x 712.33458pt>
File: ./graphics/layers.png Graphic file (type png)

<use ./graphics/layers.png>
Package pdftex.def Info: ./graphics/layers.png used on input line 162.
(pdftex.def)             Requested size: 159.3382pt x 159.3336pt.
\openout3 = `CHEP2016_ROOT_Pandas.pyg'.

runsystem(pygmentize -l python -f latex -F tokenmerge             -P "verboptio
ns= ,baselinestretch=0.9,fontsize=\footnotesize " -o CHEP2016_ROOT_Pandas.out.p
yg CHEP2016_ROOT_Pandas.pyg)...executed.

 (./CHEP2016_ROOT_Pandas.out.pyg
LaTeX Font Info:    Font shape `OT1/cmtt/bx/n' in size <9> not available
(Font)              Font shape `OT1/cmtt/m/n' tried instead on input line 2.
)
runsystem(rm CHEP2016_ROOT_Pandas.out.pyg)...executed.

runsystem(rm CHEP2016_ROOT_Pandas.pyg)...executed.

\openout3 = `CHEP2016_ROOT_Pandas.pyg'.

runsystem(pygmentize -l python -f latex -F tokenmerge             -P "verboptio
ns= ,baselinestretch=0.9,fontsize=\footnotesize " -o CHEP2016_ROOT_Pandas.out.p
yg CHEP2016_ROOT_Pandas.pyg)...executed.


(./CHEP2016_ROOT_Pandas.out.pyg)
runsystem(rm CHEP2016_ROOT_Pandas.out.pyg)...executed.

runsystem(rm CHEP2016_ROOT_Pandas.pyg)...executed.


Overfull \hbox (2.43333pt too wide) in paragraph at lines 181--242
[]$[]$ $[]$
 []


LaTeX Warning: `!h' float specifier changed to `!ht'.

[5 <./graphics/layers.png>]
LaTeX Font Info:    Try loading font information for OMS+cmtt on input line 279
.
 (/usr/share/texmf/tex/latex/R/tex/latex/omscmtt.fd
File: omscmtt.fd 
)
LaTeX Font Info:    Font shape `OMS/cmtt/m/n' in size <10.95> not available
(Font)              Font shape `OMS/cmsy/m/n' tried instead on input line 279.
[6] <./graphics/Jenkinssetup2.png, id=45, 615.7404pt x 312.6882pt>
File: ./graphics/Jenkinssetup2.png Graphic file (type png)

<use ./graphics/Jenkinssetup2.png>
Package pdftex.def Info: ./graphics/Jenkinssetup2.png used on input line 301.
(pdftex.def)             Requested size: 364.19664pt x 184.95201pt.
 [7 <./graphics/Jenkinssetup2.png>]
(./CHEP2016_ROOT_Pandas.bbl
Underfull \hbox (badness 10000) in paragraph at lines 11--14
[]\OT1/cmr/m/n/9 Aprile E \OT1/cmr/m/it/9 et al. \OT1/cmr/m/n/9 2012 \OT1/cmr/m
/it/9 As-tropar-ti-cle Physics \OT1/cmr/bx/n/9 35 \OT1/cmr/m/n/9 573--590 ISSN 
0927-6505 URL
 []


Underfull \hbox (badness 1314) in paragraph at lines 34--39
\OT1/cmr/m/n/9 J, Diaz R G, Kuznetsov G, Li Y Y, Nandakumar R, Paterson S, Sant
inelli R, Smith A C,
 []


Underfull \hbox (badness 10000) in paragraph at lines 62--64
[]\OT1/cmr/m/n/9 Lavrijsen W 2015 \OT1/cmr/m/it/9 Jour-nal of Physics: Con-fer-
ence Se-ries \OT1/cmr/bx/n/9 664 \OT1/cmr/m/n/9 062029 URL
 []


Underfull \hbox (badness 3471) in paragraph at lines 81--83
[]\OT1/cmr/m/n/9 Babuschkin I, Remenska D, N^^?othe M and Pearce A 2016 root[]p
andas: Initial release URL
 []

[8]
Underfull \hbox (badness 4779) in paragraph at lines 85--87
[]\OT1/cmr/m/n/9 Continuum Analytics Anaconda: a free Python distribution for s
cientific Big Data analysis
 []


Underfull \hbox (badness 10000) in paragraph at lines 89--91
[]\OT1/cmr/m/n/9 Continuum An-a-lyt-ics Conda: open source pack-age and en-vi-r
on-ment man-age-ment sys-tem
 []

) [9] (./CHEP2016_ROOT_Pandas.aux)

LaTeX Font Warning: Size substitutions with differences
(Font)              up to 0.78749pt have occurred.

 ) 
Here is how much of TeX's memory you used:
 4361 strings out of 495020
 64164 string characters out of 6181325
 233266 words of memory out of 5000000
 7501 multiletter control sequences out of 15000+600000
 10066 words of font info for 36 fonts, out of 8000000 for 9000
 14 hyphenation exceptions out of 8191
 37i,7n,38p,311b,558s stack positions out of 5000i,500n,10000p,200000b,80000s
</usr/share/texlive/texmf-dist/fonts/type1/public/amsfonts/cm/cmbx10.pfb></us
r/share/texlive/texmf-dist/fonts/type1/public/amsfonts/cm/cmbx12.pfb></usr/shar
e/texlive/texmf-dist/fonts/type1/public/amsfonts/cm/cmbx9.pfb></usr/share/texli
ve/texmf-dist/fonts/type1/public/amsfonts/cm/cmbxti10.pfb></usr/share/texlive/t
exmf-dist/fonts/type1/public/amsfonts/cm/cmitt10.pfb></usr/share/texlive/texmf-
dist/fonts/type1/public/amsfonts/cm/cmmi9.pfb></usr/share/texlive/texmf-dist/fo
nts/type1/public/amsfonts/cm/cmr10.pfb></usr/share/texlive/texmf-dist/fonts/typ
e1/public/amsfonts/cm/cmr6.pfb></usr/share/texlive/texmf-dist/fonts/type1/publi
c/amsfonts/cm/cmr8.pfb></usr/share/texlive/texmf-dist/fonts/type1/public/amsfon
ts/cm/cmr9.pfb></usr/share/texlive/texmf-dist/fonts/type1/public/amsfonts/cm/cm
sy10.pfb></usr/share/texlive/texmf-dist/fonts/type1/public/amsfonts/cm/cmti10.p
fb></usr/share/texlive/texmf-dist/fonts/type1/public/amsfonts/cm/cmti9.pfb></us
r/share/texlive/texmf-dist/fonts/type1/public/amsfonts/cm/cmtt10.pfb></usr/shar
e/texlive/texmf-dist/fonts/type1/public/amsfonts/cm/cmtt9.pfb>
Output written on CHEP2016_ROOT_Pandas.pdf (9 pages, 3616683 bytes).
PDF statistics:
 105 PDF objects out of 1000 (max. 8388607)
 68 compressed objects within 1 object stream
 0 named destinations out of 1000 (max. 500000)
 26 words of extra memory for PDF output out of 10000 (max. 10000000)

